<?xml version="1.0" encoding="UTF-8"?>
<!-- Generated by org.testng.reporters.JUnitXMLReporter -->
<testsuite ignored="10" hostname="SWQA-1" failures="1" tests="18" name="Surefire test" time="309.612" errors="0" timestamp="2024-05-31T15:25:18 BST">
  <testcase classname="srimettu.tests.deviceManagementTest" name="addAlarmArea" time="5.335"/>
  <testcase classname="srimettu.tests.deviceManagementTest" name="addBeacon" time="6.03"/>
  <testcase classname="srimettu.tests.deviceManagementTest" name="addGateway" time="6.023"/>
  <testcase classname="srimettu.tests.deviceManagementTest" name="assignUser" time="9.195"/>
  <testcase classname="srimettu.tests.deviceManagementTest" name="delAlarmArea" time="5.703"/>
  <testcase classname="srimettu.tests.deviceManagementTest" name="deviceEditstaff" time="7.945"/>
  <testcase classname="srimettu.tests.deviceManagementTest" name="editGateway" time="6.303"/>
  <testcase classname="srimettu.tests.deviceManagementTest" name="loadDevice" time="162.139"/>
  <testcase classname="srimettu.tests.deviceManagementTest" name="unAssignUser" time="12.803">
    <failure type="org.openqa.selenium.NoSuchElementException" message="no such element: Unable to locate element: {&amp;quot;method&amp;quot;:&amp;quot;css selector&amp;quot;,&amp;quot;selector&amp;quot;:&amp;quot;a[class=&amp;apos;ng-star-inserted&amp;apos;]&amp;quot;}
  (Session info: chrome=125.0.6422.113)
For documentation on this error, please visit: https://www.selenium.dev/documentation/webdriver/troubleshooting/errors#no-such-element-exception
Build info: version: &amp;apos;4.21.0&amp;apos;, revision: &amp;apos;79ed462ef4&amp;apos;
System info: os.name: &amp;apos;Windows 11&amp;apos;, os.arch: &amp;apos;amd64&amp;apos;, os.version: &amp;apos;10.0&amp;apos;, java.version: &amp;apos;21.0.2&amp;apos;
Driver info: org.openqa.selenium.chrome.ChromeDriver
Command: [58c92a914a07345a0e9fd4c5a678da38, findElement {value=a[class=&amp;apos;ng-star-inserted&amp;apos;], using=css selector}]
Capabilities {acceptInsecureCerts: false, browserName: chrome, browserVersion: 125.0.6422.113, chrome: {chromedriverVersion: 125.0.6422.141 (4b1e8393712..., userDataDir: C:\Users\smettu\AppData\Loc...}, fedcm:accounts: true, goog:chromeOptions: {debuggerAddress: localhost:49772}, networkConnectionEnabled: false, pageLoadStrategy: normal, platformName: windows, proxy: Proxy(), se:cdp: ws://localhost:49772/devtoo..., se:cdpVersion: 125.0.6422.113, setWindowRect: true, strictFileInteractability: false, timeouts: {implicit: 0, pageLoad: 300000, script: 30000}, unhandledPromptBehavior: dismiss and notify, webauthn:extension:credBlob: true, webauthn:extension:largeBlob: true, webauthn:extension:minPinLength: true, webauthn:extension:prf: true, webauthn:virtualAuthenticators: true}
Session ID: 58c92a914a07345a0e9fd4c5a678da38">
      <![CDATA[org.openqa.selenium.NoSuchElementException: no such element: Unable to locate element: {"method":"css selector","selector":"a[class='ng-star-inserted']"}
  (Session info: chrome=125.0.6422.113)
For documentation on this error, please visit: https://www.selenium.dev/documentation/webdriver/troubleshooting/errors#no-such-element-exception
Build info: version: '4.21.0', revision: '79ed462ef4'
System info: os.name: 'Windows 11', os.arch: 'amd64', os.version: '10.0', java.version: '21.0.2'
Driver info: org.openqa.selenium.chrome.ChromeDriver
Command: [58c92a914a07345a0e9fd4c5a678da38, findElement {value=a[class='ng-star-inserted'], using=css selector}]
Capabilities {acceptInsecureCerts: false, browserName: chrome, browserVersion: 125.0.6422.113, chrome: {chromedriverVersion: 125.0.6422.141 (4b1e8393712..., userDataDir: C:\Users\smettu\AppData\Loc...}, fedcm:accounts: true, goog:chromeOptions: {debuggerAddress: localhost:49772}, networkConnectionEnabled: false, pageLoadStrategy: normal, platformName: windows, proxy: Proxy(), se:cdp: ws://localhost:49772/devtoo..., se:cdpVersion: 125.0.6422.113, setWindowRect: true, strictFileInteractability: false, timeouts: {implicit: 0, pageLoad: 300000, script: 30000}, unhandledPromptBehavior: dismiss and notify, webauthn:extension:credBlob: true, webauthn:extension:largeBlob: true, webauthn:extension:minPinLength: true, webauthn:extension:prf: true, webauthn:virtualAuthenticators: true}
Session ID: 58c92a914a07345a0e9fd4c5a678da38
at org.openqa.selenium.remote.ErrorCodec.decode(ErrorCodec.java:167)
at org.openqa.selenium.remote.codec.w3c.W3CHttpResponseCodec.decode(W3CHttpResponseCodec.java:138)
at org.openqa.selenium.remote.codec.w3c.W3CHttpResponseCodec.decode(W3CHttpResponseCodec.java:50)
at org.openqa.selenium.remote.HttpCommandExecutor.execute(HttpCommandExecutor.java:190)
at org.openqa.selenium.remote.service.DriverCommandExecutor.invokeExecute(DriverCommandExecutor.java:216)
at org.openqa.selenium.remote.service.DriverCommandExecutor.execute(DriverCommandExecutor.java:174)
at org.openqa.selenium.remote.RemoteWebDriver.execute(RemoteWebDriver.java:518)
at org.openqa.selenium.remote.ElementLocation$ElementFinder$2.findElement(ElementLocation.java:165)
at org.openqa.selenium.remote.ElementLocation.findElement(ElementLocation.java:59)
at org.openqa.selenium.remote.RemoteWebDriver.findElement(RemoteWebDriver.java:355)
at org.openqa.selenium.remote.RemoteWebDriver.findElement(RemoteWebDriver.java:349)
at org.openqa.selenium.support.pagefactory.DefaultElementLocator.findElement(DefaultElementLocator.java:68)
at org.openqa.selenium.support.pagefactory.internal.LocatingElementHandler.invoke(LocatingElementHandler.java:38)
at jdk.proxy2/jdk.proxy2.$Proxy9.click(Unknown Source)
at srimettu.pageobjects.DeviceManagement.unAssgnuser(DeviceManagement.java:479)
at srimettu.tests.deviceManagementTest.unAssignUser(deviceManagementTest.java:100)
at java.base/java.util.ArrayList.forEach(ArrayList.java:1596)
... Removed 33 stack frames]]>
    </failure>
  </testcase> <!-- unAssignUser -->
  <testcase classname="srimettu.tests.deviceManagementTest" name="deleteGateway" time="6.314"/>
  <testcase classname="srimettu.tests.deviceManagementTest" name="delBeacon" time="0.0">
    <skipped/>
  </testcase> <!-- delBeacon -->
  <testcase classname="srimettu.tests.EscortManagementTest" name="addEscortEvent" time="8.258"/>
  <testcase classname="srimettu.tests.EscortManagementTest" name="deleteEscortEvent" time="4.401"/>
  <testcase classname="srimettu.tests.StandAloneTest" name="alarmHistory" time="6.82"/>
  <testcase classname="srimettu.tests.StandAloneTest" name="mableHistory" time="6.858"/>
  <testcase classname="srimettu.tests.SysConfigTest" name="ekIP" time="4.039"/>
  <testcase classname="srimettu.tests.SysConfigTest" name="hubIP" time="3.823"/>
  <testcase classname="srimettu.tests.SysConfigTest" name="intAlarm" time="3.632"/>
  <testcase classname="srimettu.tests.StandAloneTest" name="mAlarmClear" time="0.0">
    <ignored/>
  </testcase> <!-- mAlarmClear -->
  <testcase classname="srimettu.tests.StandAloneTest" name="bAlertClear" time="0.0">
    <ignored/>
  </testcase> <!-- bAlertClear -->
  <testcase classname="srimettu.tests.deviceManagementTest" name="deviceEdit" time="0.0">
    <ignored/>
  </testcase> <!-- deviceEdit -->
  <testcase classname="srimettu.tests.StandAloneTest" name="logIn" time="0.0">
    <ignored/>
  </testcase> <!-- logIn -->
  <testcase classname="srimettu.tests.UserManagementTest" name="userDelete" time="0.0">
    <ignored/>
  </testcase> <!-- userDelete -->
  <testcase classname="srimettu.tests.UserManagementTest" name="userAdd" time="0.0">
    <ignored/>
  </testcase> <!-- userAdd -->
  <testcase classname="srimettu.tests.StandAloneTest" name="logOut" time="0.0">
    <ignored/>
  </testcase> <!-- logOut -->
  <testcase classname="srimettu.tests.UserManagementTest" name="unassignDev" time="0.0">
    <ignored/>
  </testcase> <!-- unassignDev -->
  <testcase classname="srimettu.tests.UserManagementTest" name="userEdit" time="0.0">
    <ignored/>
  </testcase> <!-- userEdit -->
  <testcase classname="srimettu.tests.UserManagementTest" name="assignDev" time="0.0">
    <ignored/>
  </testcase> <!-- assignDev -->
</testsuite> <!-- Surefire test -->
