<?xml version="1.0" encoding="UTF-8"?>
<!-- Generated by org.testng.reporters.JUnitXMLReporter -->
<testsuite ignored="0" hostname="SWQA-1" failures="1" tests="11" name="deviceManagementTest" time="187.403" errors="0" timestamp="2024-05-15T12:03:21 BST">
  <testcase classname="srimettu.tests.deviceManagementTest" name="addAlarmArea" time="5.248"/>
  <testcase classname="srimettu.tests.deviceManagementTest" name="addBeacon" time="5.857"/>
  <testcase classname="srimettu.tests.deviceManagementTest" name="addGateway" time="6.431"/>
  <testcase classname="srimettu.tests.deviceManagementTest" name="assignUser" time="9.175"/>
  <testcase classname="srimettu.tests.deviceManagementTest" name="delAlarmArea" time="67.643">
    <failure type="org.openqa.selenium.TimeoutException" message="Expected condition failed: waiting for visibility of [[ChromeDriver: chrome on windows (ee46588b39c9835788b3c23f148c6a1d)] -&amp;gt; id: appSidebarTogglerv] (tried for 60 second(s) with 500 milliseconds interval)">
      <![CDATA[org.openqa.selenium.TimeoutException: Expected condition failed: waiting for visibility of [[ChromeDriver: chrome on windows (ee46588b39c9835788b3c23f148c6a1d)] -> id: appSidebarTogglerv] (tried for 60 second(s) with 500 milliseconds interval)
at org.openqa.selenium.support.ui.WebDriverWait.timeoutException(WebDriverWait.java:84)
at org.openqa.selenium.support.ui.FluentWait.until(FluentWait.java:228)
at srimettu.AbstractComponents.AbstractComponent.waitForWebElementToAppear(AbstractComponent.java:41)
at srimettu.AbstractComponents.AbstractComponent.menubutton(AbstractComponent.java:79)
at srimettu.tests.deviceManagementTest.delAlarmArea(deviceManagementTest.java:151)
at java.base/java.util.ArrayList.forEach(ArrayList.java:1511)
Caused by: org.openqa.selenium.NoSuchElementException: no such element: Unable to locate element: {"method":"css selector","selector":"#appSidebarTogglerv"}
  (Session info: chrome=124.0.6367.157)
For documentation on this error, please visit: https://www.selenium.dev/documentation/webdriver/troubleshooting/errors#no-such-element-exception
Build info: version: '4.19.1', revision: 'abe0ee07dc'
System info: os.name: 'Windows 11', os.arch: 'amd64', os.version: '10.0', java.version: '17.0.10'
Driver info: org.openqa.selenium.chrome.ChromeDriver
Command: [ee46588b39c9835788b3c23f148c6a1d, findElement {value=appSidebarTogglerv, using=id}]
Capabilities {acceptInsecureCerts: false, browserName: chrome, browserVersion: 124.0.6367.157, chrome: {chromedriverVersion: 124.0.6367.207 (a9001a6e39f..., userDataDir: C:\Users\smettu\AppData\Loc...}, fedcm:accounts: true, goog:chromeOptions: {debuggerAddress: localhost:61555}, networkConnectionEnabled: false, pageLoadStrategy: normal, platformName: windows, proxy: Proxy(), se:cdp: ws://localhost:61555/devtoo..., se:cdpVersion: 124.0.6367.157, setWindowRect: true, strictFileInteractability: false, timeouts: {implicit: 0, pageLoad: 300000, script: 30000}, unhandledPromptBehavior: dismiss and notify, webauthn:extension:credBlob: true, webauthn:extension:largeBlob: true, webauthn:extension:minPinLength: true, webauthn:extension:prf: true, webauthn:virtualAuthenticators: true}
Session ID: ee46588b39c9835788b3c23f148c6a1d
at org.openqa.selenium.remote.ErrorCodec.decode(ErrorCodec.java:167)
at org.openqa.selenium.remote.codec.w3c.W3CHttpResponseCodec.decode(W3CHttpResponseCodec.java:138)
at org.openqa.selenium.remote.codec.w3c.W3CHttpResponseCodec.decode(W3CHttpResponseCodec.java:50)
at org.openqa.selenium.remote.HttpCommandExecutor.execute(HttpCommandExecutor.java:190)
at org.openqa.selenium.remote.service.DriverCommandExecutor.invokeExecute(DriverCommandExecutor.java:216)
at org.openqa.selenium.remote.service.DriverCommandExecutor.execute(DriverCommandExecutor.java:174)
at org.openqa.selenium.remote.RemoteWebDriver.execute(RemoteWebDriver.java:518)
at org.openqa.selenium.remote.ElementLocation$ElementFinder$2.findElement(ElementLocation.java:165)
at org.openqa.selenium.remote.ElementLocation.findElement(ElementLocation.java:59)
at org.openqa.selenium.remote.RemoteWebDriver.findElement(RemoteWebDriver.java:355)
at org.openqa.selenium.remote.RemoteWebDriver.findElement(RemoteWebDriver.java:349)
at org.openqa.selenium.support.pagefactory.DefaultElementLocator.findElement(DefaultElementLocator.java:68)
at org.openqa.selenium.support.pagefactory.internal.LocatingElementHandler.invoke(LocatingElementHandler.java:38)
at jdk.proxy2/jdk.proxy2.$Proxy14.isDisplayed(Unknown Source)
at org.openqa.selenium.support.ui.ExpectedConditions.elementIfVisible(ExpectedConditions.java:304)
at org.openqa.selenium.support.ui.ExpectedConditions$10.apply(ExpectedConditions.java:290)
at org.openqa.selenium.support.ui.ExpectedConditions$10.apply(ExpectedConditions.java:287)
at org.openqa.selenium.support.ui.FluentWait.until(FluentWait.java:203)
... 31 more
... Removed 32 stack frames]]>
    </failure>
  </testcase> <!-- delAlarmArea -->
  <testcase classname="srimettu.tests.deviceManagementTest" name="deviceEdit" time="8.466"/>
  <testcase classname="srimettu.tests.deviceManagementTest" name="editGateway" time="6.211"/>
  <testcase classname="srimettu.tests.deviceManagementTest" name="loadDevice" time="26.038"/>
  <testcase classname="srimettu.tests.deviceManagementTest" name="unAssignUser" time="4.822"/>
  <testcase classname="srimettu.tests.deviceManagementTest" name="deleteGateway" time="6.875"/>
  <testcase classname="srimettu.tests.deviceManagementTest" name="delBeacon" time="10.907"/>
</testsuite> <!-- deviceManagementTest -->
