<?xml version="1.0" encoding="UTF-8"?>
<!-- Generated by org.testng.reporters.JUnitXMLReporter -->
<testsuite ignored="10" hostname="SWQA-1" failures="2" tests="21" name="Command line test" time="303.4" errors="0" timestamp="2024-05-31T12:55:43 BST">
  <testcase classname="srimettu.tests.DataProviderEValidation" name="InvalidlogIn" time="0.64"/>
  <testcase classname="srimettu.tests.DataProviderEValidation" name="InvalidlogIn" time="0.639"/>
  <testcase classname="srimettu.tests.DataProviderEValidation" name="logInCheck" time="0.612"/>
  <testcase classname="srimettu.tests.DataProviderEValidation" name="logInCheck" time="0.595"/>
  <testcase classname="srimettu.tests.DataProviderEValidation" name="logInCheckdata" time="0.657"/>
  <testcase classname="srimettu.tests.DataProviderEValidation" name="logInCheckdata" time="0.613"/>
  <testcase classname="srimettu.tests.deviceManagementTest" name="addAlarmArea" time="5.684"/>
  <testcase classname="srimettu.tests.deviceManagementTest" name="addBeacon" time="6.542"/>
  <testcase classname="srimettu.tests.deviceManagementTest" name="addGateway" time="5.912"/>
  <testcase classname="srimettu.tests.deviceManagementTest" name="assignUser" time="9.203"/>
  <testcase classname="srimettu.tests.deviceManagementTest" name="delAlarmArea" time="5.722"/>
  <testcase classname="srimettu.tests.deviceManagementTest" name="deviceEditstaff" time="8.042"/>
  <testcase classname="srimettu.tests.deviceManagementTest" name="editGateway" time="3.816">
    <failure type="org.openqa.selenium.StaleElementReferenceException" message="stale element reference: stale element not found in the current frame
  (Session info: chrome=125.0.6422.113)
For documentation on this error, please visit: https://www.selenium.dev/documentation/webdriver/troubleshooting/errors#stale-element-reference-exception
Build info: version: &amp;apos;4.21.0&amp;apos;, revision: &amp;apos;79ed462ef4&amp;apos;
System info: os.name: &amp;apos;Windows 11&amp;apos;, os.arch: &amp;apos;amd64&amp;apos;, os.version: &amp;apos;10.0&amp;apos;, java.version: &amp;apos;21.0.2&amp;apos;
Driver info: org.openqa.selenium.chrome.ChromeDriver
Command: [3e3dea1f42f45cb002601ae5919da197, clickElement {id=f.3C657D332F9107839C2D52BBA9C07722.d.B89D9B74E14DE64C13DB57D78BD300EE.e.88}]
Capabilities {acceptInsecureCerts: false, browserName: chrome, browserVersion: 125.0.6422.113, chrome: {chromedriverVersion: 125.0.6422.141 (4b1e8393712..., userDataDir: C:\Users\smettu\AppData\Loc...}, fedcm:accounts: true, goog:chromeOptions: {debuggerAddress: localhost:61056}, networkConnectionEnabled: false, pageLoadStrategy: normal, platformName: windows, proxy: Proxy(), se:cdp: ws://localhost:61056/devtoo..., se:cdpVersion: 125.0.6422.113, setWindowRect: true, strictFileInteractability: false, timeouts: {implicit: 0, pageLoad: 300000, script: 30000}, unhandledPromptBehavior: dismiss and notify, webauthn:extension:credBlob: true, webauthn:extension:largeBlob: true, webauthn:extension:minPinLength: true, webauthn:extension:prf: true, webauthn:virtualAuthenticators: true}
Element: [[ChromeDriver: chrome on windows (3e3dea1f42f45cb002601ae5919da197)] -&amp;gt; xpath: (//div/ul[2])[2]/li]
Session ID: 3e3dea1f42f45cb002601ae5919da197">
      <![CDATA[org.openqa.selenium.StaleElementReferenceException: stale element reference: stale element not found in the current frame
  (Session info: chrome=125.0.6422.113)
For documentation on this error, please visit: https://www.selenium.dev/documentation/webdriver/troubleshooting/errors#stale-element-reference-exception
Build info: version: '4.21.0', revision: '79ed462ef4'
System info: os.name: 'Windows 11', os.arch: 'amd64', os.version: '10.0', java.version: '21.0.2'
Driver info: org.openqa.selenium.chrome.ChromeDriver
Command: [3e3dea1f42f45cb002601ae5919da197, clickElement {id=f.3C657D332F9107839C2D52BBA9C07722.d.B89D9B74E14DE64C13DB57D78BD300EE.e.88}]
Capabilities {acceptInsecureCerts: false, browserName: chrome, browserVersion: 125.0.6422.113, chrome: {chromedriverVersion: 125.0.6422.141 (4b1e8393712..., userDataDir: C:\Users\smettu\AppData\Loc...}, fedcm:accounts: true, goog:chromeOptions: {debuggerAddress: localhost:61056}, networkConnectionEnabled: false, pageLoadStrategy: normal, platformName: windows, proxy: Proxy(), se:cdp: ws://localhost:61056/devtoo..., se:cdpVersion: 125.0.6422.113, setWindowRect: true, strictFileInteractability: false, timeouts: {implicit: 0, pageLoad: 300000, script: 30000}, unhandledPromptBehavior: dismiss and notify, webauthn:extension:credBlob: true, webauthn:extension:largeBlob: true, webauthn:extension:minPinLength: true, webauthn:extension:prf: true, webauthn:virtualAuthenticators: true}
Element: [[ChromeDriver: chrome on windows (3e3dea1f42f45cb002601ae5919da197)] -> xpath: (//div/ul[2])[2]/li]
Session ID: 3e3dea1f42f45cb002601ae5919da197
at org.openqa.selenium.remote.ErrorCodec.decode(ErrorCodec.java:167)
at org.openqa.selenium.remote.codec.w3c.W3CHttpResponseCodec.decode(W3CHttpResponseCodec.java:138)
at org.openqa.selenium.remote.codec.w3c.W3CHttpResponseCodec.decode(W3CHttpResponseCodec.java:50)
at org.openqa.selenium.remote.HttpCommandExecutor.execute(HttpCommandExecutor.java:190)
at org.openqa.selenium.remote.service.DriverCommandExecutor.invokeExecute(DriverCommandExecutor.java:216)
at org.openqa.selenium.remote.service.DriverCommandExecutor.execute(DriverCommandExecutor.java:174)
at org.openqa.selenium.remote.RemoteWebDriver.execute(RemoteWebDriver.java:518)
at org.openqa.selenium.remote.RemoteWebElement.execute(RemoteWebElement.java:223)
at org.openqa.selenium.remote.RemoteWebElement.click(RemoteWebElement.java:76)
at srimettu.pageobjects.DeviceManagement.selectHubgw(DeviceManagement.java:258)
at srimettu.pageobjects.DeviceManagement.gwEdit(DeviceManagement.java:421)
at srimettu.tests.deviceManagementTest.editGateway(deviceManagementTest.java:128)
at java.base/java.util.ArrayList.forEach(ArrayList.java:1596)
at srimettu.tests.TestNGRunner.main(TestNGRunner.java:18)
... Removed 25 stack frames]]>
    </failure>
  </testcase> <!-- editGateway -->
  <testcase classname="srimettu.tests.deviceManagementTest" name="loadDevice" time="162.657"/>
  <testcase classname="srimettu.tests.deviceManagementTest" name="unAssignUser" time="12.495">
    <failure type="org.openqa.selenium.NoSuchElementException" message="no such element: Unable to locate element: {&amp;quot;method&amp;quot;:&amp;quot;css selector&amp;quot;,&amp;quot;selector&amp;quot;:&amp;quot;a[class=&amp;apos;ng-star-inserted&amp;apos;]&amp;quot;}
  (Session info: chrome=125.0.6422.113)
For documentation on this error, please visit: https://www.selenium.dev/documentation/webdriver/troubleshooting/errors#no-such-element-exception
Build info: version: &amp;apos;4.21.0&amp;apos;, revision: &amp;apos;79ed462ef4&amp;apos;
System info: os.name: &amp;apos;Windows 11&amp;apos;, os.arch: &amp;apos;amd64&amp;apos;, os.version: &amp;apos;10.0&amp;apos;, java.version: &amp;apos;21.0.2&amp;apos;
Driver info: org.openqa.selenium.chrome.ChromeDriver
Command: [14988ba34945789d63e15e67008e2469, findElement {value=a[class=&amp;apos;ng-star-inserted&amp;apos;], using=css selector}]
Capabilities {acceptInsecureCerts: false, browserName: chrome, browserVersion: 125.0.6422.113, chrome: {chromedriverVersion: 125.0.6422.141 (4b1e8393712..., userDataDir: C:\Users\smettu\AppData\Loc...}, fedcm:accounts: true, goog:chromeOptions: {debuggerAddress: localhost:61164}, networkConnectionEnabled: false, pageLoadStrategy: normal, platformName: windows, proxy: Proxy(), se:cdp: ws://localhost:61164/devtoo..., se:cdpVersion: 125.0.6422.113, setWindowRect: true, strictFileInteractability: false, timeouts: {implicit: 0, pageLoad: 300000, script: 30000}, unhandledPromptBehavior: dismiss and notify, webauthn:extension:credBlob: true, webauthn:extension:largeBlob: true, webauthn:extension:minPinLength: true, webauthn:extension:prf: true, webauthn:virtualAuthenticators: true}
Session ID: 14988ba34945789d63e15e67008e2469">
      <![CDATA[org.openqa.selenium.NoSuchElementException: no such element: Unable to locate element: {"method":"css selector","selector":"a[class='ng-star-inserted']"}
  (Session info: chrome=125.0.6422.113)
For documentation on this error, please visit: https://www.selenium.dev/documentation/webdriver/troubleshooting/errors#no-such-element-exception
Build info: version: '4.21.0', revision: '79ed462ef4'
System info: os.name: 'Windows 11', os.arch: 'amd64', os.version: '10.0', java.version: '21.0.2'
Driver info: org.openqa.selenium.chrome.ChromeDriver
Command: [14988ba34945789d63e15e67008e2469, findElement {value=a[class='ng-star-inserted'], using=css selector}]
Capabilities {acceptInsecureCerts: false, browserName: chrome, browserVersion: 125.0.6422.113, chrome: {chromedriverVersion: 125.0.6422.141 (4b1e8393712..., userDataDir: C:\Users\smettu\AppData\Loc...}, fedcm:accounts: true, goog:chromeOptions: {debuggerAddress: localhost:61164}, networkConnectionEnabled: false, pageLoadStrategy: normal, platformName: windows, proxy: Proxy(), se:cdp: ws://localhost:61164/devtoo..., se:cdpVersion: 125.0.6422.113, setWindowRect: true, strictFileInteractability: false, timeouts: {implicit: 0, pageLoad: 300000, script: 30000}, unhandledPromptBehavior: dismiss and notify, webauthn:extension:credBlob: true, webauthn:extension:largeBlob: true, webauthn:extension:minPinLength: true, webauthn:extension:prf: true, webauthn:virtualAuthenticators: true}
Session ID: 14988ba34945789d63e15e67008e2469
at org.openqa.selenium.remote.ErrorCodec.decode(ErrorCodec.java:167)
at org.openqa.selenium.remote.codec.w3c.W3CHttpResponseCodec.decode(W3CHttpResponseCodec.java:138)
at org.openqa.selenium.remote.codec.w3c.W3CHttpResponseCodec.decode(W3CHttpResponseCodec.java:50)
at org.openqa.selenium.remote.HttpCommandExecutor.execute(HttpCommandExecutor.java:190)
at org.openqa.selenium.remote.service.DriverCommandExecutor.invokeExecute(DriverCommandExecutor.java:216)
at org.openqa.selenium.remote.service.DriverCommandExecutor.execute(DriverCommandExecutor.java:174)
at org.openqa.selenium.remote.RemoteWebDriver.execute(RemoteWebDriver.java:518)
at org.openqa.selenium.remote.ElementLocation$ElementFinder$2.findElement(ElementLocation.java:165)
at org.openqa.selenium.remote.ElementLocation.findElement(ElementLocation.java:59)
at org.openqa.selenium.remote.RemoteWebDriver.findElement(RemoteWebDriver.java:355)
at org.openqa.selenium.remote.RemoteWebDriver.findElement(RemoteWebDriver.java:349)
at org.openqa.selenium.support.pagefactory.DefaultElementLocator.findElement(DefaultElementLocator.java:68)
at org.openqa.selenium.support.pagefactory.internal.LocatingElementHandler.invoke(LocatingElementHandler.java:38)
at jdk.proxy2/jdk.proxy2.$Proxy10.click(Unknown Source)
at srimettu.pageobjects.DeviceManagement.unAssgnuser(DeviceManagement.java:479)
at srimettu.tests.deviceManagementTest.unAssignUser(deviceManagementTest.java:100)
at java.base/java.util.ArrayList.forEach(ArrayList.java:1596)
at srimettu.tests.TestNGRunner.main(TestNGRunner.java:18)
... Removed 25 stack frames]]>
    </failure>
  </testcase> <!-- unAssignUser -->
  <testcase classname="srimettu.tests.deviceManagementTest" name="deleteGateway" time="6.298"/>
  <testcase classname="srimettu.tests.deviceManagementTest" name="delBeacon" time="0.0">
    <skipped/>
  </testcase> <!-- delBeacon -->
  <testcase classname="srimettu.tests.EscortManagementTest" name="addEscortEvent" time="8.799"/>
  <testcase classname="srimettu.tests.EscortManagementTest" name="deleteEscortEvent" time="4.941"/>
  <testcase classname="srimettu.tests.StandAloneTest" name="alarmHistory" time="6.892"/>
  <testcase classname="srimettu.tests.StandAloneTest" name="mableHistory" time="6.843"/>
  <testcase classname="srimettu.tests.StandAloneTest" name="logIn" time="0.0">
    <ignored/>
  </testcase> <!-- logIn -->
  <testcase classname="srimettu.tests.UserManagementTest" name="userDelete" time="0.0">
    <ignored/>
  </testcase> <!-- userDelete -->
  <testcase classname="srimettu.tests.StandAloneTest" name="mAlarmClear" time="0.0">
    <ignored/>
  </testcase> <!-- mAlarmClear -->
  <testcase classname="srimettu.tests.UserManagementTest" name="userEdit" time="0.0">
    <ignored/>
  </testcase> <!-- userEdit -->
  <testcase classname="srimettu.tests.deviceManagementTest" name="deviceEdit" time="0.0">
    <ignored/>
  </testcase> <!-- deviceEdit -->
  <testcase classname="srimettu.tests.UserManagementTest" name="userAdd" time="0.0">
    <ignored/>
  </testcase> <!-- userAdd -->
  <testcase classname="srimettu.tests.UserManagementTest" name="unassignDev" time="0.0">
    <ignored/>
  </testcase> <!-- unassignDev -->
  <testcase classname="srimettu.tests.StandAloneTest" name="bAlertClear" time="0.0">
    <ignored/>
  </testcase> <!-- bAlertClear -->
  <testcase classname="srimettu.tests.StandAloneTest" name="logOut" time="0.0">
    <ignored/>
  </testcase> <!-- logOut -->
  <testcase classname="srimettu.tests.UserManagementTest" name="assignDev" time="0.0">
    <ignored/>
  </testcase> <!-- assignDev -->
</testsuite> <!-- Command line test -->
